<?xml version="1.0" encoding="UTF-8"?>
<robot generator="Rebot 7.4.1 (Python 3.14.3 on darwin)" generated="2026-05-04T11:52:53.114851" rpa="false" schemaversion="5">
<statistics>
<tag>
<stat pass="11" fail="1" skip="0">team:buyfulfill</stat>
<stat pass="2" fail="1" skip="0">team:welcome</stat>
<stat pass="12" fail="0" skip="0">xray-qa-buyfulfill-staging</stat>
<stat pass="15" fail="0" skip="0">xray-qa-tests</stat>
<stat pass="3" fail="0" skip="0">xray-qa-welcome</stat>
</tag>
</statistics>
</robot>
